ATTENTION: default value of option vblank_mode overridden by environment.
ERROR: ld.so: object '/home/solidowl/.local/share/Steam/ubuntu12_32/gameoverlayrenderer.so' from LD_PRELOAD cannot be preloaded (wrong ELF class: ELFCLASS32): ignored.
ERROR: ld.so: object '/home/solidowl/.local/share/Steam/ubuntu12_32/gameoverlayrenderer.so' from LD_PRELOAD cannot be preloaded (wrong ELF class: ELFCLASS32): ignored.
Setting breakpad minidump AppID = 255710
Steam_SetMinidumpSteamID:  Caching Steam ID:  76561198054709968 [API loaded no]
ERROR: ld.so: object '/home/solidowl/.local/share/Steam/ubuntu12_32/gameoverlayrenderer.so' from LD_PRELOAD cannot be preloaded (wrong ELF class: ELFCLASS32): ignored.
ERROR: ld.so: object '/home/solidowl/.local/share/Steam/ubuntu12_32/gameoverlayrenderer.so' from LD_PRELOAD cannot be preloaded (wrong ELF class: ELFCLASS32): ignored.
ERROR: ld.so: object '/home/solidowl/.local/share/Steam/ubuntu12_32/gameoverlayrenderer.so' from LD_PRELOAD cannot be preloaded (wrong ELF class: ELFCLASS32): ignored.
ERROR: ld.so: object '/home/solidowl/.local/share/Steam/ubuntu12_32/gameoverlayrenderer.so' from LD_PRELOAD cannot be preloaded (wrong ELF class: ELFCLASS32): ignored.
ATTENTION: default value of option vblank_mode overridden by environment.
Loading Mono
Mono location: /home/solidowl/.local/share/Steam/steamapps/common/Cities_Skylines/Cities_Data/Mono/x86_64
Steamworks_RegisterMonoInterface()
Successfully Hooked RenderAPI_OpenGLCoreES (17) [Message]
Loading Steamworks
DLC status: 64
dlc 'Cities: Skylines - Preorder Pack' id: '340160' available: 'false'
dlc 'Cities: Skylines - Deluxe Pack' id: '346791' available: 'false'
dlc 'Cities: Skylines - Soundtrack' id: '352510' available: 'false'
dlc 'Cities: Skylines - The Architecture Artbook' id: '352511' available: 'false'
dlc 'Cities: Skylines - The Monuments Booklet' id: '352512' available: 'false'
dlc 'Cities: Skylines - Post Cards' id: '355600' available: 'false'
dlc 'Cities: Skylines - Korean language' id: '365040' available: 'false'
dlc 'Cities: Skylines - After Dark' id: '369150' available: 'true'
dlc 'Cities: Skylines - Snowfall' id: '420610' available: 'true'
dlc 'Cities: Skylines - Match Day' id: '456200' available: 'true'
dlc 'Cities: Skylines - Content Creator Pack: Art Deco' id: '515190' available: 'true'
dlc 'Cities: Skylines - Natural Disasters' id: '515191' available: 'true'
dlc 'Cities: Skylines - Juventus F.C Club Pack' id: '525940' available: 'false'
dlc 'Cities: Skylines - Chelsea F.C Club Pack' id: '526610' available: 'false'
dlc 'Cities: Skylines - FC Barcelona Club Pack' id: '526611' available: 'false'
dlc 'Cities: Skylines - Paris Saint-Germain F.C.' id: '526612' available: 'false'
dlc 'Cities: Skylines - Stadiums: European Club Pack' id: '536610' available: 'false'
dlc 'Cities: Skylines - Content Creator Pack: High-Tech Buildings' id: '547500' available: 'true'
dlc 'Cities: Skylines - Relaxation Station' id: '547501' available: 'true'
dlc 'Cities: Skylines - Mass Transit' id: '547502' available: 'true'
dlc 'Cities: Skylines - Pearls From the East' id: '563850' available: 'true'
dlc 'Cities: Skylines - Green Cities' id: '614580' available: 'true'
Steam ID: 255710 [Message]
Timed out waiting for game mapping!
OnUserStatsStored()
Stored successfully
PNG
PNG
PNG
PNG
PNG
PNG
PNG
PNG
PNG
PNG
PNG
PNG
PNG
QueryUGCContent
PNG
PNG
PNG
PNG
PNG
PNG
PNG
PNG
PNG
PNG
PNG
PNG
PNG
PNG
PNG
PNG
PNG
PNG
PNG
PNG
PNG
OnSteamUGCQueryCompleted
PNG
PNG
PNG
PNG
PNG
OnUserStatsReceived()
Received stats and achievements
Achievement image idx 0 Pioneer now loading
Achievement image idx 293 Decorator now loading
Achievement image idx 294 Terraformer now loading
Achievement image idx 287 WellInformed now loading
Achievement image idx 0 CityPlanner now loading
Achievement image idx 0 Lawmaker now loading
Achievement image idx 0 PowerAtYourFingertips now loading
Achievement image idx 290 HeavenlyCity now loading
Achievement image idx 0 Medic now loading
Achievement image idx 311 AHugeHadron now loading
Achievement image idx 298 BeamMeUp now loading
Achievement image idx 319 NewEden now loading
Achievement image idx 313 ShortFuse now loading
Achievement image idx 312 IWantItAll now loading
Achievement image idx 297 Metropolis now loading
Achievement image idx 0 Distroy now loading
Achievement image idx 289 CityInMotion now loading
Achievement image idx 310 CityInMotion2 now loading
Achievement image idx 284 ClimbingTheSocialLadder now loading
Achievement image idx 0 UnpopularMayor now loading
Achievement image idx 0 RollingInDough now loading
Achievement image idx 305 FreneticPlayer now loading
Achievement image idx 0 HappyTown now loading
Achievement image idx 0 ToughCity now loading
Achievement image idx 286 FireWatch now loading
Achievement image idx 291 TheSafestTown now loading
Achievement image idx 295 ProfessionalDumper now loading
Achievement image idx 296 EarthlovingCity now loading
Achievement image idx 303 HigherEducation now loading
Achievement image idx 288 SIMulatedCity now loading
Achievement image idx 285 SafeCity now loading
Achievement image idx 0 PowerToThePeople now loading
Achievement image idx 0 MakeThemPay now loading
Achievement image idx 309 LeisureSuites now loading
Achievement image idx 308 PlayingWithTheBoys now loading
Achievement image idx 0 PrisonBreak now loading
Achievement image idx 0 1001Nights now loading
Achievement image idx 0 DoesMyBumLookBigInThis now loading
Achievement image idx 0 SingingInThe now loading
Achievement image idx 0 FoggyWeather now loading
Achievement image idx 0 Brrr now loading
Achievement image idx 304 GetYourSnowshoesReady now loading
Achievement image idx 306 HeresATram now loading
Achievement image idx 0 ILoveTrams now loading
Achievement image idx 300 AreTheyNakedInThere now loading
Achievement image idx 302 ItsWintertime now loading
Achievement image idx 299 Speedup now loading
Achievement image idx 0 ThePlowmaster now loading
Achievement image idx 0 QuayKing now loading
Achievement image idx 0 WithCanalsYouCan now loading
Achievement image idx 0 WeNeedSnorkels now loading
Achievement image idx 314 ShakeItUp now loading
Achievement image idx 315 ItsHeadingRightForUs now loading
Achievement image idx 317 DropTheBase now loading
Achievement image idx 0 RunBambi now loading
Achievement image idx 318 ThunderAndLightning now loading
Achievement image idx 316 TwistAndShout now loading
Achievement image idx 0 WhatThe now loading
Achievement image idx 0 EternalCity now loading
Achievement image idx 0 Creator now loading
Achievement image idx 0 WeHaveAWinner now loading
Achievement image idx 0 TheUnderdog now loading
Achievement image idx 0 RejoiceAndBeFerry now loading
Achievement image idx 0 FerryFaerie now loading
Achievement image idx 0 Triorail now loading
Achievement image idx 0 NotSoMono now loading
Achievement image idx 0 ClarkCable now loading
Achievement image idx 0 CablesGalore now loading
Achievement image idx 0 BlimpBlimp now loading
Achievement image idx 0 PutSomeBlimpInYourBlimp now loading
Achievement image idx 0 ComboBreaker now loading
Achievement image idx 301 NomenEstOmen now loading
Achievement image idx 0 Centurion now loading
Achievement image idx 0 ItsCalledSteve now loading
Achievement image idx 0 TotallyInMotion now loading
Achievement image idx 307 Reporting now loading
Achievement image idx 0 SuperSelfSufficient now loading
Achievement image idx 0 IToTheT now loading
Achievement image idx 0 Organistic now loading
Achievement image idx 292 GreenEnergy now loading
Achievement image idx 0 FriendlyTeaching now loading
Achievement image idx 320 GreenestCity now loading
OnAchievementIconFetched()
Fetched image for Pioneer
OnAchievementIconFetched()
Fetched image for CityPlanner
OnAchievementIconFetched()
Fetched image for Lawmaker
OnAchievementIconFetched()
Fetched image for PowerAtYourFingertips
OnAchievementIconFetched()
Fetched image for Medic
OnAchievementIconFetched()
Fetched image for Distroy
OnAchievementIconFetched()
Fetched image for UnpopularMayor
OnAchievementIconFetched()
Fetched image for RollingInDough
OnAchievementIconFetched()
Fetched image for HappyTown
OnAchievementIconFetched()
Fetched image for ToughCity
OnAchievementIconFetched()
Fetched image for PowerToThePeople
OnAchievementIconFetched()
Fetched image for MakeThemPay
OnAchievementIconFetched()
Fetched image for PrisonBreak
OnAchievementIconFetched()
Fetched image for 1001Nights
OnAchievementIconFetched()
Fetched image for DoesMyBumLookBigInThis
OnAchievementIconFetched()
Fetched image for SingingInThe
OnAchievementIconFetched()
Fetched image for FoggyWeather
OnAchievementIconFetched()
Fetched image for Brrr
OnAchievementIconFetched()
Fetched image for ILoveTrams
OnAchievementIconFetched()
Fetched image for ThePlowmaster
OnAchievementIconFetched()
Fetched image for WeNeedSnorkels
OnAchievementIconFetched()
Fetched image for RunBambi
OnAchievementIconFetched()
Fetched image for QuayKing
OnAchievementIconFetched()
Fetched image for WhatThe
OnAchievementIconFetched()
Fetched image for WithCanalsYouCan
OnAchievementIconFetched()
Fetched image for EternalCity
OnAchievementIconFetched()
Fetched image for Creator
OnAchievementIconFetched()
Fetched image for WeHaveAWinner
OnAchievementIconFetched()
Fetched image for TheUnderdog
OnAchievementIconFetched()
Fetched image for RejoiceAndBeFerry
OnAchievementIconFetched()
Fetched image for FerryFaerie
OnAchievementIconFetched()
Fetched image for Triorail
OnAchievementIconFetched()
Fetched image for NotSoMono
OnAchievementIconFetched()
Fetched image for ClarkCable
OnAchievementIconFetched()
Fetched image for CablesGalore
OnAchievementIconFetched()
Fetched image for BlimpBlimp
OnAchievementIconFetched()
Fetched image for PutSomeBlimpInYourBlimp
OnAchievementIconFetched()
Fetched image for ComboBreaker
OnAchievementIconFetched()
Fetched image for Centurion
OnAchievementIconFetched()
Fetched image for ItsCalledSteve
OnAchievementIconFetched()
Fetched image for TotallyInMotion
OnAchievementIconFetched()
Fetched image for SuperSelfSufficient
OnAchievementIconFetched()
Fetched image for IToTheT
OnAchievementIconFetched()
Fetched image for Organistic
OnAchievementIconFetched()
Fetched image for FriendlyTeaching
Unloading Steamworks
ines/Cities_Data/Managed/UnityEngine.Networking.dll (this message is harmless)
Loading /home/solidowl/.local/share/Steam/steamapps/common/Cities_Skylines/Cities_Data/Managed/UnityEngine.Networking.dll into Unity Child Domain
Platform assembly: /home/solidowl/.local/share/Steam/steamapps/common/Cities_Skylines/Cities_Data/Managed/ColossalManaged.dll (this message is harmless)
Loading /home/solidowl/.local/share/Steam/steamapps/common/Cities_Skylines/Cities_Data/Managed/ColossalManaged.dll into Unity Child Domain
Platform assembly: /home/solidowl/.local/share/Steam/steamapps/common/Cities_Skylines/Cities_Data/Managed/ICSharpCode.SharpZipLib.dll (this message is harmless)
Loading /home/solidowl/.local/share/Steam/steamapps/common/Cities_Skylines/Cities_Data/Managed/ICSharpCode.SharpZipLib.dll into Unity Child Domain
Platform assembly: /home/solidowl/.local/share/Steam/steamapps/common/Cities_Skylines/Cities_Data/Managed/ICities.dll (this message is harmless)
Loading /home/solidowl/.local/share/Steam/steamapps/common/Cities_Skylines/Cities_Data/Managed/ICities.dll into Unity Child Domain
Platform assembly: /home/solidowl/.local/share/Steam/steamapps/common/Cities_Skylines/Cities_Data/Managed/PopsApiWrapper.dll (this message is harmless)
Loading /home/solidowl/.local/share/Steam/steamapps/common/Cities_Skylines/Cities_Data/Managed/PopsApiWrapper.dll into Unity Child Domain
- Completed reload, in  0.250 seconds
Platform assembly: /home/solidowl/.local/share/Steam/steamapps/common/Cities_Skylines/Cities_Data/Managed/System.Core.dll (this message is harmless)
Platform assembly: /home/solidowl/.local/share/Steam/steamapps/common/Cities_Skylines/Cities_Data/Managed/System.dll (this message is harmless)
New context 0x3db8ad8 created with attributes:
Default vsync count 1
requesting resize 1920 x 1080
Using native desktop resolution 1920 x 1080
requesting fullscreen 1920 x 1080 at 0 Hz
Desktop is 1920 x 1080 @ 60 Hz
UnloadTime: 1.448000 ms
Game mode
 
(Filename: /home/builduser/buildslave/unity/build/artifacts/generated/common/runtime/DebugBindings.gen.cpp Line: 51)

Unloading 4 Unused Serialized files (Serialized files now loaded: 0)
UnloadTime: 0.391000 ms
Machine ID: 6cc14b303dee4a92a8533195f91ae111
Model: PC
OS: Linux 4.15 ManjaroLinux 17.1-rc3 64bit
Language: English
CPU: Intel(R) Core(TM) i7-4710HQ CPU @ 2.50GHz (8 core(s))
System Memory: 7903
Gfx Device: GeForce GTX 860M/PCIe/SSE2
Gfx Version: OpenGL 4.5.0 NVIDIA 384.98
Gfx Memory: 2048
Gfx Shader Model: 50
Game Version: 1.9.1-f3-steam-linux

 
(Filename: /home/builduser/buildslave/unity/build/artifacts/generated/common/runtime/DebugBindings.gen.cpp Line: 51)

API: Steam Type: Steam
 
(Filename: /home/builduser/buildslave/unity/build/artifacts/generated/common/runtime/DebugBindings.gen.cpp Line: 51)

Setting vsync to 1  [Core]
 
(Filename: /home/builduser/buildslave/unity/build/artifacts/generated/common/runtime/DebugBindings.gen.cpp Line: 51)

Raw Command Line: /home/solidowl/.local/share/Steam/steamapps/common/Cities_Skylines/Cities.x64
Arguments: /home/solidowl/.local/share/Steam/steamapps/common/Cities_Skylines/Cities.x64
  [CommandLine - Internal]
 
(Filename: /home/builduser/buildslave/unity/build/artifacts/generated/common/runtime/DebugBindings.gen.cpp Line: 51)

Platform assembly: /home/solidowl/.local/share/Steam/steamapps/common/Cities_Skylines/Cities_Data/Managed/Mono.Security.dll (this message is harmless)
Platform assembly: /home/solidowl/.local/share/Steam/steamapps/common/Cities_Skylines/Cities_Data/Managed/System.Configuration.dll (this message is harmless)
Platform assembly: /home/solidowl/.local/share/Steam/steamapps/common/Cities_Skylines/Cities_Data/Managed/System.Xml.dll (this message is harmless)
Adding package 'System' [/home/solidowl/.local/share/Steam/steamapps/common/Cities_Skylines/Files/Maps/CO.crp]  [Packer - Internal]
 
(Filename: /home/builduser/buildslave/unity/build/artifacts/generated/common/runtime/DebugBindings.gen.cpp Line: 51)

Adding package 'Cliffside Bay' [/home/solidowl/.local/share/Steam/steamapps/common/Cities_Skylines/Files/Maps/Cliffside Bay.crp]  [Packer - Internal]
 
(Filename: /home/builduser/buildslave/unity/build/artifacts/generated/common/runtime/DebugBindings.gen.cpp Line: 51)

Adding package 'Eden Valley2' [/home/solidowl/.local/share/Steam/steamapps/common/Cities_Skylines/Files/Maps/Eden Valley2.crp]  [Packer - Internal]
 
(Filename: /home/builduser/buildslave/unity/build/artifacts/generated/common/runtime/DebugBindings.gen.cpp Line: 51)

Adding package 'Foggy Hills' [/home/solidowl/.local/share/Steam/steamapps/common/Cities_Skylines/Files/Maps/Foggy Hills.crp]  [Packer - Internal]
 
(Filename: /home/builduser/buildslave/unity/build/artifacts/generated/common/runtime/DebugBindings.gen.cpp Line: 51)

Adding package 'Garden Rivers2' [/home/solidowl/.local/share/Steam/steamapps/common/Cities_Skylines/Files/Maps/Garden Rivers2.crp]  [Packer - Internal]
 
(Filename: /home/builduser/buildslave/unity/build/artifacts/generated/common/runtime/DebugBindings.gen.cpp Line: 51)

Adding package 'Grand River' [/home/solidowl/.local/share/Steam/steamapps/common/Cities_Skylines/Files/Maps/Grand River.crp]  [Packer - Internal]
 
(Filename: /home/builduser/buildslave/unity/build/artifacts/generated/common/runtime/DebugBindings.gen.cpp Line: 51)

Adding package 'Lavender Lake2' [/home/solidowl/.local/share/Steam/steamapps/common/Cities_Skylines/Files/Maps/Lavender Lake2.crp]  [Packer - Internal]
 
(Filename: /home/builduser/buildslave/unity/build/artifacts/generated/common/runtime/DebugBindings.gen.cpp Line: 51)

Adding package 'MT Ferry Empire' [/home/solidowl/.local/share/Steam/steamapps/common/Cities_Skylines/Files/Maps/MT Ferry Empire.crp]  [Packer - Internal]
 
(Filename: /home/builduser/buildslave/unity/build/artifacts/generated/common/runtime/DebugBindings.gen.cpp Line: 51)

Adding package 'MT Fix The Traffic' [/home/solidowl/.local/share/Steam/steamapps/common/Cities_Skylines/Files/Maps/MT Fix The Traffic.crp]  [Packer - Internal]
 
(Filename: /home/builduser/buildslave/unity/build/artifacts/generated/common/runtime/DebugBindings.gen.cpp Line: 51)

Adding package 'MT Trains' [/home/solidowl/.local/share/Steam/steamapps/common/Cities_Skylines/Files/Maps/MT Trains.crp]  [Packer - Internal]
 
(Filename: /home/builduser/buildslave/unity/build/artifacts/generated/common/runtime/DebugBindings.gen.cpp Line: 51)

Adding package 'ND Alpine Villages' [/home/solidowl/.local/share/Steam/steamapps/common/Cities_Skylines/Files/Maps/ND Alpine Villages.crp]  [Packer - Internal]
 
(Filename: /home/builduser/buildslave/unity/build/artifacts/generated/common/runtime/DebugBindings.gen.cpp Line: 51)

Adding package 'ND By The Dam' [/home/solidowl/.local/share/Steam/steamapps/common/Cities_Skylines/Files/Maps/ND By The Dam.crp]  [Packer - Internal]
 
(Filename: /home/builduser/buildslave/unity/build/artifacts/generated/common/runtime/DebugBindings.gen.cpp Line: 51)

Adding package 'ND Floodland' [/home/solidowl/.local/share/Steam/steamapps/common/Cities_Skylines/Files/Maps/ND Floodland.crp]  [Packer - Internal]
 
(Filename: /home/builduser/buildslave/unity/build/artifacts/generated/common/runtime/DebugBindings.gen.cpp Line: 51)

Adding package 'ND Island Hopping' [/home/solidowl/.local/share/Steam/steamapps/common/Cities_Skylines/Files/Maps/ND Island Hopping.crp]  [Packer - Internal]
 
(Filename: /home/builduser/buildslave/unity/build/artifacts/generated/common/runtime/DebugBindings.gen.cpp Line: 51)

Adding package 'ND Tornado Country' [/home/solidowl/.local/share/Steam/steamapps/common/Cities_Skylines/Files/Maps/ND Tornado Country.crp]  [Packer - Internal]
 
(Filename: /home/builduser/buildslave/unity/build/artifacts/generated/common/runtime/DebugBindings.gen.cpp Line: 51)

Adding package 'NorthEurope1FINAL' [/home/solidowl/.local/share/Steam/steamapps/common/Cities_Skylines/Files/Maps/NorthEurope1FINAL.crp]  [Packer - Internal]
 
(Filename: /home/builduser/buildslave/unity/build/artifacts/generated/common/runtime/DebugBindings.gen.cpp Line: 51)

Adding package 'NorthEurope2FINAL' [/home/solidowl/.local/share/Steam/steamapps/common/Cities_Skylines/Files/Maps/NorthEurope2FINAL.crp]  [Packer - Internal]
 
(Filename: /home/builduser/buildslave/unity/build/artifacts/generated/common/runtime/DebugBindings.gen.cpp Line: 51)

Adding package 'NorthEurope3FINAL' [/home/solidowl/.local/share/Steam/steamapps/common/Cities_Skylines/Files/Maps/NorthEurope3FINAL.crp]  [Packer - Internal]
 
(Filename: /home/builduser/buildslave/unity/build/artifacts/generated/common/runtime/DebugBindings.gen.cpp Line: 51)

Adding package 'SouthEurope1FINAL' [/home/solidowl/.local/share/Steam/steamapps/common/Cities_Skylines/Files/Maps/SouthEurope1FINAL.crp]  [Packer - Internal]
 
(Filename: /home/builduser/buildslave/unity/build/artifacts/generated/common/runtime/DebugBindings.gen.cpp Line: 51)

Adding package 'SouthEurope2FINAL' [/home/solidowl/.local/share/Steam/steamapps/common/Cities_Skylines/Files/Maps/SouthEurope2FINAL.crp]  [Packer - Internal]
 
(Filename: /home/builduser/buildslave/unity/build/artifacts/generated/common/runtime/DebugBindings.gen.cpp Line: 51)

Adding package 'SouthEurope3FINAL' [/home/solidowl/.local/share/Steam/steamapps/common/Cities_Skylines/Files/Maps/SouthEurope3FINAL.crp]  [Packer - Internal]
 
(Filename: /home/builduser/buildslave/unity/build/artifacts/generated/common/runtime/DebugBindings.gen.cpp Line: 51)

Adding package 'Tropical1FINAL' [/home/solidowl/.local/share/Steam/steamapps/common/Cities_Skylines/Files/Maps/Tropical1FINAL.crp]  [Packer - Internal]
 
(Filename: /home/builduser/buildslave/unity/build/artifacts/generated/common/runtime/DebugBindings.gen.cpp Line: 51)

Adding package 'Tropical2FINAL' [/home/solidowl/.local/share/Steam/steamapps/common/Cities_Skylines/Files/Maps/Tropical2FINAL.crp]  [Packer - Internal]
 
(Filename: /home/builduser/buildslave/unity/build/artifacts/generated/common/runtime/DebugBindings.gen.cpp Line: 51)

Adding package 'Tropical3FINAL' [/home/solidowl/.local/share/Steam/steamapps/common/Cities_Skylines/Files/Maps/Tropical3FINAL.crp]  [Packer - Internal]
 
(Filename: /home/builduser/buildslave/unity/build/artifacts/generated/common/runtime/DebugBindings.gen.cpp Line: 51)

Adding package 'Winter1Final' [/home/solidowl/.local/share/Steam/steamapps/common/Cities_Skylines/Files/Maps/Winter1Final.crp]  [Packer - Internal]
 
(Filename: /home/builduser/buildslave/unity/build/artifacts/generated/common/runtime/DebugBindings.gen.cpp Line: 51)

Adding package 'Winter2Final' [/home/solidowl/.local/share/Steam/steamapps/common/Cities_Skylines/Files/Maps/Winter2Final.crp]  [Packer - Internal]
 
(Filename: /home/builduser/buildslave/unity/build/artifacts/generated/common/runtime/DebugBindings.gen.cpp Line: 51)

Adding package 'Winter3Final' [/home/solidowl/.local/share/Steam/steamapps/common/Cities_Skylines/Files/Maps/Winter3Final.crp]  [Packer - Internal]
 
(Filename: /home/builduser/buildslave/unity/build/artifacts/generated/common/runtime/DebugBindings.gen.cpp Line: 51)

Adding package 'Alpine Villages' [/home/solidowl/.local/share/Steam/steamapps/common/Cities_Skylines/Files/Scenarios/Alpine Villages.crp]  [Packer - Internal]
 
(Filename: /home/builduser/buildslave/unity/build/artifacts/generated/common/runtime/DebugBindings.gen.cpp Line: 51)

Adding package 'By The Dam' [/home/solidowl/.local/share/Steam/steamapps/common/Cities_Skylines/Files/Scenarios/By The Dam.crp]  [Packer - Internal]
 
(Filename: /home/builduser/buildslave/unity/build/artifacts/generated/common/runtime/DebugBindings.gen.cpp Line: 51)

Adding package 'City of Gardens' [/home/solidowl/.local/share/Steam/steamapps/common/Cities_Skylines/Files/Scenarios/City of Gardens.crp]  [Packer - Internal]
 
(Filename: /home/builduser/buildslave/unity/build/artifacts/generated/common/runtime/DebugBindings.gen.cpp Line: 51)

Adding package 'Clean Up Crew' [/home/solidowl/.local/share/Steam/steamapps/common/Cities_Skylines/Files/Scenarios/Clean Up Crew.crp]  [Packer - Internal]
 
(Filename: /home/builduser/buildslave/unity/build/artifacts/generated/common/runtime/DebugBindings.gen.cpp Line: 51)

Adding package 'Ferry Empire' [/home/solidowl/.local/share/Steam/steamapps/common/Cities_Skylines/Files/Scenarios/Ferry Empire.crp]  [Packer - Internal]
 
(Filename: /home/builduser/buildslave/unity/build/artifacts/generated/common/runtime/DebugBindings.gen.cpp Line: 51)

Adding package 'Fix the Traffic' [/home/solidowl/.local/share/Steam/steamapps/common/Cities_Skylines/Files/Scenarios/Fix the Traffic.crp]  [Packer - Internal]
 
(Filename: /home/builduser/buildslave/unity/build/artifacts/generated/common/runtime/DebugBindings.gen.cpp Line: 51)

Adding package 'Floodland' [/home/solidowl/.local/share/Steam/steamapps/common/Cities_Skylines/Files/Scenarios/Floodland.crp]  [Packer - Internal]
 
(Filename: /home/builduser/buildslave/unity/build/artifacts/generated/common/runtime/DebugBindings.gen.cpp Line: 51)

Adding package 'Green Power' [/home/solidowl/.local/share/Steam/steamapps/common/Cities_Skylines/Files/Scenarios/Green Power.crp]  [Packer - Internal]
 
(Filename: /home/builduser/buildslave/unity/build/artifacts/generated/common/runtime/DebugBindings.gen.cpp Line: 51)

Adding package 'Island Hopping' [/home/solidowl/.local/share/Steam/steamapps/common/Cities_Skylines/Files/Scenarios/Island Hopping.crp]  [Packer - Internal]
 
(Filename: /home/builduser/buildslave/unity/build/artifacts/generated/common/runtime/DebugBindings.gen.cpp Line: 51)

Adding package 'Tornado Country' [/home/solidowl/.local/share/Steam/steamapps/common/Cities_Skylines/Files/Scenarios/Tornado Country.crp]  [Packer - Internal]
 
(Filename: /home/builduser/buildslave/unity/build/artifacts/generated/common/runtime/DebugBindings.gen.cpp Line: 51)

Adding package 'Trains' [/home/solidowl/.local/share/Steam/steamapps/common/Cities_Skylines/Files/Scenarios/Trains.crp]  [Packer - Internal]
 
(Filename: /home/builduser/buildslave/unity/build/artifacts/generated/common/runtime/DebugBindings.gen.cpp Line: 51)

Adding package 'Cita1' [cloud:Cita1.crp]  [Packer - Internal]
 
(Filename: /home/builduser/buildslave/unity/build/artifacts/generated/common/runtime/DebugBindings.gen.cpp Line: 51)

Adding package 'City2' [cloud:City2.crp]  [Packer - Internal]
 
(Filename: /home/builduser/buildslave/unity/build/artifacts/generated/common/runtime/DebugBindings.gen.cpp Line: 51)

Loading /home/solidowl/.local/share/Steam/steamapps/common/Cities_Skylines/colossal.cgs  [Settings - Internal]
 
(Filename: /home/builduser/buildslave/unity/build/artifacts/generated/common/runtime/DebugBindings.gen.cpp Line: 51)

Telemetry enabled  [Core]
 
(Filename: /home/builduser/buildslave/unity/build/artifacts/generated/common/runtime/DebugBindings.gen.cpp Line: 51)

Non platform assembly: /home/solidowl/.local/share/Steam/steamapps/common/Cities_Skylines/Files/Mods/HardMode/HardMode.dll (this message is harmless)
Non platform assembly: /home/solidowl/.local/share/Steam/steamapps/common/Cities_Skylines/Files/Mods/UnlimitedMoney/UnlimitedMoney.dll (this message is harmless)
Non platform assembly: /home/solidowl/.local/share/Steam/steamapps/common/Cities_Skylines/Files/Mods/UnlimitedOilAndOre/UnlimitedOilAndOre.dll (this message is harmless)
Non platform assembly: /home/solidowl/.local/share/Steam/steamapps/common/Cities_Skylines/Files/Mods/UnlimitedSoil/UnlimitedSoil.dll (this message is harmless)
Non platform assembly: /home/solidowl/.local/share/Steam/steamapps/common/Cities_Skylines/Files/Mods/UnlockAll/UnlockAll.dll (this message is harmless)
Loading /home/solidowl/.local/share/Steam/steamapps/common/Cities_Skylines/Files/Mods/HardMode/HardMode.dll  [Mods - Internal]
 
(Filename: /home/builduser/buildslave/unity/build/artifacts/generated/common/runtime/DebugBindings.gen.cpp Line: 51)

Non platform assembly: data-0x4ad39e0 (this message is harmless)
Fallback handler could not load library /home/solidowl/.local/share/Steam/steamapps/common/Cities_Skylines/Cities_Data/Mono/x86_64/data-0x4ad39e0.so
Assembly HardMode0, Version=0.0.0.0, Culture=neutral, PublicKeyToken=null loaded.  [Mods - Internal]
 
(Filename: /home/builduser/buildslave/unity/build/artifacts/generated/common/runtime/DebugBindings.gen.cpp Line: 51)

Loading /home/solidowl/.local/share/Steam/steamapps/common/Cities_Skylines/Files/Mods/UnlimitedMoney/UnlimitedMoney.dll  [Mods - Internal]
 
(Filename: /home/builduser/buildslave/unity/build/artifacts/generated/common/runtime/DebugBindings.gen.cpp Line: 51)

Non platform assembly: data-0x4ab92d0 (this message is harmless)
Fallback handler could not load library /home/solidowl/.local/share/Steam/steamapps/common/Cities_Skylines/Cities_Data/Mono/x86_64/data-0x4ab92d0.so
Assembly UnlimitedMoney2, Version=0.0.0.0, Culture=neutral, PublicKeyToken=null loaded.  [Mods - Internal]
 
(Filename: /home/builduser/buildslave/unity/build/artifacts/generated/common/runtime/DebugBindings.gen.cpp Line: 51)

Loading /home/solidowl/.local/share/Steam/steamapps/common/Cities_Skylines/Files/Mods/UnlimitedOilAndOre/UnlimitedOilAndOre.dll  [Mods - Internal]
 
(Filename: /home/builduser/buildslave/unity/build/artifacts/generated/common/runtime/DebugBindings.gen.cpp Line: 51)

Non platform assembly: data-0x4ade0a0 (this message is harmless)
Fallback handler could not load library /home/solidowl/.local/share/Steam/steamapps/common/Cities_Skylines/Cities_Data/Mono/x86_64/data-0x4ade0a0.so
Assembly UnlimitedOilAndOre, Version=1.0.0.0, Culture=neutral, PublicKeyToken=null loaded.  [Mods - Internal]
 
(Filename: /home/builduser/buildslave/unity/build/artifacts/generated/common/runtime/DebugBindings.gen.cpp Line: 51)

Loading /home/solidowl/.local/share/Steam/steamapps/common/Cities_Skylines/Files/Mods/UnlimitedSoil/UnlimitedSoil.dll  [Mods - Internal]
 
(Filename: /home/builduser/buildslave/unity/build/artifacts/generated/common/runtime/DebugBindings.gen.cpp Line: 51)

Non platform assembly: data-0x4ae20f0 (this message is harmless)
Fallback handler could not load library /home/solidowl/.local/share/Steam/steamapps/common/Cities_Skylines/Cities_Data/Mono/x86_64/data-0x4ae20f0.so
Assembly UnlimitedSoil, Version=1.0.0.0, Culture=neutral, PublicKeyToken=null loaded.  [Mods - Internal]
 
(Filename: /home/builduser/buildslave/unity/build/artifacts/generated/common/runtime/DebugBindings.gen.cpp Line: 51)

Loading /home/solidowl/.local/share/Steam/steamapps/common/Cities_Skylines/Files/Mods/UnlockAll/UnlockAll.dll  [Mods - Internal]
 
(Filename: /home/builduser/buildslave/unity/build/artifacts/generated/common/runtime/DebugBindings.gen.cpp Line: 51)

Non platform assembly: data-0x4ae3300 (this message is harmless)
Fallback handler could not load library /home/solidowl/.local/share/Steam/steamapps/common/Cities_Skylines/Cities_Data/Mono/x86_64/data-0x4ae3300.so
Assembly UnlockAll3, Version=0.0.0.0, Culture=neutral, PublicKeyToken=null loaded.  [Mods - Internal]
 
(Filename: /home/builduser/buildslave/unity/build/artifacts/generated/common/runtime/DebugBindings.gen.cpp Line: 51)

Loading locale: en
 
(Filename: /home/builduser/buildslave/unity/build/artifacts/generated/common/runtime/DebugBindings.gen.cpp Line: 51)

Simulation started  [Core]
 
(Filename: /home/builduser/buildslave/unity/build/artifacts/generated/common/runtime/DebugBindings.gen.cpp Line: 51)

PopsApi: Initializing file IO
 
(Filename: /home/builduser/buildslave/unity/build/artifacts/generated/common/runtime/DebugBindings.gen.cpp Line: 51)

PopsApi: Init complete
 
(Filename: /home/builduser/buildslave/unity/build/artifacts/generated/common/runtime/DebugBindings.gen.cpp Line: 51)


Unloading 3 unused Assets to reduce memory usage. Loaded Objects now: 2237.
Total: 8.083000 ms (FindLiveObjects: 0.189000 ms CreateObjectMapping: 0.091000 ms MarkObjects: 7.765000 ms  DeleteObjects: 0.036000 ms)

GfxDevice: creating device client; threaded=1
GfxDevice: creating device client; threaded=1
requesting resize 1920 x 1080
Using native desktop resolution 1920 x 1080
requesting fullscreen 1920 x 1080 at 0 Hz
Desktop is 1920 x 1080 @ 60 Hz
Unloading 4 Unused Serialized files (Serialized files now loaded: 0)
UnloadTime: 0.615000 ms

Unloading 6 unused Assets to reduce memory usage. Loaded Objects now: 2273.
Total: 13.240000 ms (FindLiveObjects: 0.732000 ms CreateObjectMapping: 0.195000 ms MarkObjects: 12.272000 ms  DeleteObjects: 0.040000 ms)

Changing real window size to 1920 x 1200
Changing real window size to 1920 x 1080
GfxDevice: creating device client; threaded=1
GfxDevice: creating device client; threaded=1
Changing real window size to 1920 x 1200
Loading simulation data from: Black Woods_Data  [Serialization]
 
(Filename: /home/builduser/buildslave/unity/build/artifacts/generated/common/runtime/DebugBindings.gen.cpp Line: 51)

Unloading 7 Unused Serialized files (Serialized files now loaded: 0)
UnloadTime: 1126.760986 ms

Unloading 6499 unused Assets to reduce memory usage. Loaded Objects now: 4225.
Total: 31.316002 ms (FindLiveObjects: 0.494000 ms CreateObjectMapping: 0.558000 ms MarkObjects: 18.521999 ms  DeleteObjects: 11.741000 ms)

GfxDevice: creating device client; threaded=1
GfxDevice: creating device client; threaded=1
Unknown prefab: Festival Billboard Big 01  [Serialization]
 
(Filename: /home/builduser/buildslave/unity/build/artifacts/generated/common/runtime/DebugBindings.gen.cpp Line: 51)

Unknown prefab: Festival Billboard Big 01  [Serialization]
 
(Filename: /home/builduser/buildslave/unity/build/artifacts/generated/common/runtime/DebugBindings.gen.cpp Line: 51)

Unknown prefab: Festival Billboard Big 01  [Serialization]
 
(Filename: /home/builduser/buildslave/unity/build/artifacts/generated/common/runtime/DebugBindings.gen.cpp Line: 51)

Unknown prefab: Festival Billboard Big 01  [Serialization]
 
(Filename: /home/builduser/buildslave/unity/build/artifacts/generated/common/runtime/DebugBindings.gen.cpp Line: 51)

Unknown prefab: Festival Billboard Big 02  [Serialization]
 
(Filename: /home/builduser/buildslave/unity/build/artifacts/generated/common/runtime/DebugBindings.gen.cpp Line: 51)

Unknown prefab: Festival Billboard Big 02  [Serialization]
 
(Filename: /home/builduser/buildslave/unity/build/artifacts/generated/common/runtime/DebugBindings.gen.cpp Line: 51)

Unknown prefab: Festival Billboard Medium 01  [Serialization]
 
(Filename: /home/builduser/buildslave/unity/build/artifacts/generated/common/runtime/DebugBindings.gen.cpp Line: 51)

Unknown prefab: Festival Billboard Medium 01  [Serialization]
 
(Filename: /home/builduser/buildslave/unity/build/artifacts/generated/common/runtime/DebugBindings.gen.cpp Line: 51)

Unknown prefab: Festival Billboard Big 01  [Serialization]
 
(Filename: /home/builduser/buildslave/unity/build/artifacts/generated/common/runtime/DebugBindings.gen.cpp Line: 51)

Loaded simulation data from: Black Woods_Data  [Serialization]
 
(Filename: /home/builduser/buildslave/unity/build/artifacts/generated/common/runtime/DebugBindings.gen.cpp Line: 51)

Unknown prefab: Tsunami  [Serialization]
 
(Filename: /home/builduser/buildslave/unity/build/artifacts/generated/common/runtime/DebugBindings.gen.cpp Line: 51)

Unknown prefab: Earthquake  [Serialization]
 
(Filename: /home/builduser/buildslave/unity/build/artifacts/generated/common/runtime/DebugBindings.gen.cpp Line: 51)

Unknown prefab: Sinkhole  [Serialization]
 
(Filename: /home/builduser/buildslave/unity/build/artifacts/generated/common/runtime/DebugBindings.gen.cpp Line: 51)

Unknown prefab: Meteor Strike  [Serialization]
 
(Filename: /home/builduser/buildslave/unity/build/artifacts/generated/common/runtime/DebugBindings.gen.cpp Line: 51)

Unknown prefab: Thunderstorm  [Serialization]
 
(Filename: /home/builduser/buildslave/unity/build/artifacts/generated/common/runtime/DebugBindings.gen.cpp Line: 51)

Unknown prefab: Forest Fire  [Serialization]
 
(Filename: /home/builduser/buildslave/unity/build/artifacts/generated/common/runtime/DebugBindings.gen.cpp Line: 51)

Unknown prefab: Tornado  [Serialization]
 
(Filename: /home/builduser/buildslave/unity/build/artifacts/generated/common/runtime/DebugBindings.gen.cpp Line: 51)

GfxDevice: creating device client; threaded=1
GfxDevice: creating device client; threaded=1
GfxDevice: creating device client; threaded=1
GfxDevice: creating device client; threaded=1
GfxDevice: creating device client; threaded=1
GfxDevice: creating device client; threaded=1
requesting resize 1680 x 1050
resizing window to 1680 x 1050
Desktop is 1920 x 1080 @ 60 Hz
Desktop is 1920 x 1200 @ 59 Hz
GfxDevice: creating device client; threaded=1
requesting resize 1680 x 1050
resizing window to 1680 x 1050
Desktop is 1920 x 1200 @ 59 Hz
GfxDevice: creating device client; threaded=1
GfxDevice: creating device client; threaded=1
GfxDevice: creating device client; threaded=1
GfxDevice: creating device client; threaded=1
Saving /home/solidowl/.local/share/Colossal Order/Cities_Skylines/gameSettings.cgs  [Settings - Internal]
 
(Filename: /home/builduser/buildslave/unity/build/artifacts/generated/common/runtime/DebugBindings.gen.cpp Line: 51)

Saving /home/solidowl/.local/share/Colossal Order/Cities_Skylines/userGameState.cgs  [Settings - Internal]
 
(Filename: /home/builduser/buildslave/unity/build/artifacts/generated/common/runtime/DebugBindings.gen.cpp Line: 51)

Saving /home/solidowl/.local/share/Colossal Order/Cities_Skylines/userGameState.cgs  [Settings - Internal]
 
(Filename: /home/builduser/buildslave/unity/build/artifacts/generated/common/runtime/DebugBindings.gen.cpp Line: 51)

Saving /home/solidowl/.local/share/Colossal Order/Cities_Skylines/userGameState.cgs  [Settings - Internal]
 
(Filename: /home/builduser/buildslave/unity/build/artifacts/generated/common/runtime/DebugBindings.gen.cpp Line: 51)

Saving /home/solidowl/.local/share/Colossal Order/Cities_Skylines/userGameState.cgs  [Settings - Internal]
 
(Filename: /home/builduser/buildslave/unity/build/artifacts/generated/common/runtime/DebugBindings.gen.cpp Line: 51)

PopsApi: Shutdown complete
 
(Filename: /home/builduser/buildslave/unity/build/artifacts/generated/common/runtime/DebugBindings.gen.cpp Line: 51)

Waiting for simulation to quit...  [Core]
 
(Filename: /home/builduser/buildslave/unity/build/artifacts/generated/common/runtime/DebugBindings.gen.cpp Line: 51)

Setting up 4 worker threads for Enlighten.
  Thread -> id: 7f6626fff700 -> priority: 1 
  Thread -> id: 7f65d8ffe700 -> priority: 1 
  Thread -> id: 7f65e4ffd700 -> priority: 1 
  Thread -> id: 7f6608822700 -> priority: 1 
GameSettings Monitor Exiting...  [Settings - Internal]
 
(Filename: /home/builduser/buildslave/unity/build/artifacts/generated/common/runtime/DebugBindings.gen.cpp Line: 51)

GameSettings terminated  [Settings - Internal]
 
(Filename: /home/builduser/buildslave/unity/build/artifacts/generated/common/runtime/DebugBindings.gen.cpp Line: 51)

Simulation terminated  [Core]
 
(Filename: /home/builduser/buildslave/unity/build/artifacts/generated/common/runtime/DebugBindings.gen.cpp Line: 51)

