ERROR: ld.so: object '/home/solidowl/.local/share/Steam/ubuntu12_32/gameoverlayrenderer.so' from LD_PRELOAD cannot be preloaded (wrong ELF class: ELFCLASS32): ignored.
ERROR: ld.so: object '/home/solidowl/.local/share/Steam/ubuntu12_32/gameoverlayrenderer.so' from LD_PRELOAD cannot be preloaded (wrong ELF class: ELFCLASS32): ignored.
Setting breakpad minidump AppID = 246620
Steam_SetMinidumpSteamID:  Caching Steam ID:  76561198054709968 [API loaded no]
GLX_ARB_create_context_robustness GLX_ARB_fbconfig_float GLX_ARB_framebuffer_sRGB GLX_ARB_get_proc_address GLX_ARB_multisample GLX_EXT_buffer_age GLX_EXT_create_context_es2_profile GLX_EXT_create_context_es_profile GLX_EXT_fbconfig_packed_float GLX_EXT_framebuffer_sRGB GLX_EXT_import_context GLX_EXT_texture_from_pixmap GLX_EXT_visual_info GLX_EXT_visual_rating GLX_INTEL_swap_event GLX_MESA_copy_sub_buffer GLX_MESA_multithread_makecurrent GLX_MESA_query_renderer GLX_MESA_swap_control GLX_OML_swap_method GLX_OML_sync_control GLX_SGIS_multisample GLX_SGIX_fbconfig GLX_SGIX_pbuffer GLX_SGIX_visual_select_group GLX_SGI_make_current_read GLX_SGI_swap_control GLX_SGI_video_sync 
Setting maxVSyncInterval to 4
Renderer: Mesa DRI Intel(R) Haswell Mobile x86/MMX/SSE2
Vendor:   Intel Open Source Technology Center
Version:  4.5 (Core Profile) Mesa 17.3.1
GLES:     0
 GL_3DFX_texture_compression_FXT1 GL_AMD_conservative_depth GL_AMD_draw_buffers_blend GL_AMD_seamless_cubemap_per_texture GL_AMD_shader_trinary_minmax GL_AMD_vertex_shader_layer GL_AMD_vertex_shader_viewport_index GL_ANGLE_texture_compression_dxt3 GL_ANGLE_texture_compression_dxt5 GL_APPLE_object_purgeable GL_ARB_ES2_compatibility GL_ARB_ES3_1_compatibility GL_ARB_ES3_compatibility GL_ARB_arrays_of_arrays GL_ARB_base_instance GL_ARB_blend_func_extended GL_ARB_buffer_storage GL_ARB_clear_buffer_object GL_ARB_clear_texture GL_ARB_clip_control GL_ARB_compressed_texture_pixel_storage GL_ARB_compute_shader GL_ARB_conditional_render_inverted GL_ARB_conservative_depth GL_ARB_copy_buffer GL_ARB_copy_image GL_ARB_cull_distance GL_ARB_debug_output GL_ARB_depth_buffer_float GL_ARB_depth_clamp GL_ARB_derivative_control GL_ARB_direct_state_access GL_ARB_draw_buffers GL_ARB_draw_buffers_blend GL_ARB_draw_elements_base_vertex GL_ARB_draw_indirect GL_ARB_draw_instanced GL_ARB_enhanced_layouts GL_ARB_explicit_attrib_location
 GL_ARB_explicit_uniform_location GL_ARB_fragment_coord_conventions GL_ARB_fragment_layer_viewport GL_ARB_fragment_shader GL_ARB_framebuffer_no_attachments GL_ARB_framebuffer_object GL_ARB_framebuffer_sRGB GL_ARB_get_program_binary GL_ARB_get_texture_sub_image GL_ARB_gpu_shader5 GL_ARB_gpu_shader_fp64 GL_ARB_half_float_pixel GL_ARB_half_float_vertex GL_ARB_indirect_parameters GL_ARB_instanced_arrays GL_ARB_internalformat_query GL_ARB_internalformat_query2 GL_ARB_invalidate_subdata GL_ARB_map_buffer_alignment GL_ARB_map_buffer_range GL_ARB_multi_bind GL_ARB_multi_draw_indirect GL_ARB_occlusion_query2 GL_ARB_pipeline_statistics_query GL_ARB_pixel_buffer_object GL_ARB_point_sprite GL_ARB_polygon_offset_clamp GL_ARB_program_interface_query GL_ARB_provoking_vertex GL_ARB_query_buffer_object GL_ARB_robust_buffer_access_behavior GL_ARB_robustness GL_ARB_sample_shading GL_ARB_sampler_objects GL_ARB_seamless_cube_map GL_ARB_seamless_cubemap_per_texture GL_ARB_separate_shader_objects GL_ARB_shader_atomic_counter_ops G
L_ARB_shader_atomic_counters GL_ARB_shader_bit_encoding GL_ARB_shader_clock GL_ARB_shader_draw_parameters GL_ARB_shader_group_vote GL_ARB_shader_image_load_store GL_ARB_shader_image_size GL_ARB_shader_objects GL_ARB_shader_precision GL_ARB_shader_storage_buffer_object GL_ARB_shader_subroutine GL_ARB_shader_texture_image_samples GL_ARB_shader_texture_lod GL_ARB_shader_viewport_layer_array GL_ARB_shading_language_420pack GL_ARB_shading_language_packing GL_ARB_stencil_texturing GL_ARB_sync GL_ARB_tessellation_shader GL_ARB_texture_barrier GL_ARB_texture_buffer_object GL_ARB_texture_buffer_object_rgb32 GL_ARB_texture_buffer_range GL_ARB_texture_compression_bptc GL_ARB_texture_compression_rgtc GL_ARB_texture_cube_map_array GL_ARB_texture_filter_anisotropic GL_ARB_texture_float GL_ARB_texture_gather GL_ARB_texture_mirror_clamp_to_edge GL_ARB_texture_multisample GL_ARB_texture_non_power_of_two GL_ARB_texture_query_levels GL_ARB_texture_query_lod GL_ARB_texture_rectangle GL_ARB_texture_rg GL_ARB_texture_rgb10_a2ui G
L_ARB_texture_stencil8 GL_ARB_texture_storage GL_ARB_texture_storage_multisample GL_ARB_texture_swizzle GL_ARB_texture_view GL_ARB_timer_query GL_ARB_transform_feedback2 GL_ARB_transform_feedback3 GL_ARB_transform_feedback_instanced GL_ARB_transform_feedback_overflow_query GL_ARB_uniform_buffer_object GL_ARB_vertex_array_bgra GL_ARB_vertex_array_object GL_ARB_vertex_attrib_64bit GL_ARB_vertex_attrib_binding GL_ARB_vertex_shader GL_ARB_vertex_type_10f_11f_11f_rev GL_ARB_vertex_type_2_10_10_10_rev GL_ARB_viewport_array GL_ATI_blend_equation_separate GL_ATI_texture_float GL_EXT_abgr GL_EXT_blend_equation_separate GL_EXT_draw_buffers2 GL_EXT_draw_instanced GL_EXT_framebuffer_blit GL_EXT_framebuffer_multisample GL_EXT_framebuffer_multisample_blit_scaled GL_EXT_framebuffer_sRGB GL_EXT_packed_depth_stencil GL_EXT_packed_float GL_EXT_pixel_buffer_object GL_EXT_polygon_offset_clamp GL_EXT_provoking_vertex GL_EXT_shader_integer_mix GL_EXT_shader_samples_identical GL_EXT_texture_array GL_EXT_texture_compression_dxt1 GL
_EXT_texture_compression_rgtc GL_EXT_texture_compression_s3tc GL_EXT_texture_filter_anisotropic GL_EXT_texture_integer GL_EXT_texture_sRGB GL_EXT_texture_sRGB_decode GL_EXT_texture_shared_exponent GL_EXT_texture_snorm GL_EXT_texture_swizzle GL_EXT_timer_query GL_EXT_transform_feedback GL_EXT_vertex_array_bgra GL_IBM_multimode_draw_arrays GL_INTEL_performance_query GL_KHR_blend_equation_advanced GL_KHR_context_flush_control GL_KHR_debug GL_KHR_no_error GL_KHR_robust_buffer_access_behavior GL_KHR_robustness GL_MESA_pack_invert GL_MESA_shader_integer_functions GL_MESA_texture_signed_rgba GL_NV_conditional_render GL_NV_depth_clamp GL_NV_packed_depth_stencil GL_NV_texture_barrier GL_OES_EGL_image GL_S3_s3tc
OPENGL LOG: Creating OpenGL 4.5 graphics device
AudioManager: Using PulseAudio: Default Output Device
Begin MonoManager ReloadAssembly
Platform assembly: /home/solidowl/.local/share/Steam/steamapps/common/PlagueInc/PlagueIncEvolved_Data/Managed/UnityEngine.dll (this message is harmless)
Loading /home/solidowl/.local/share/Steam/steamapps/common/PlagueInc/PlagueIncEvolved_Data/Managed/UnityEngine.dll into Unity Child Domain
Platform assembly: /home/solidowl/.local/share/Steam/steamapps/common/PlagueInc/PlagueIncEvolved_Data/Managed/Assembly-CSharp-firstpass.dll (this message is harmless)
Loading /home/solidowl/.local/share/Steam/steamapps/common/PlagueInc/PlagueIncEvolved_Data/Managed/Assembly-CSharp-firstpass.dll into Unity Child Domain
Platform assembly: /home/solidowl/.local/share/Steam/steamapps/common/PlagueInc/PlagueIncEvolved_Data/Managed/Assembly-CSharp.dll (this message is harmless)
Loading /home/solidowl/.local/share/Steam/steamapps/common/PlagueInc/PlagueIncEvolved_Data/Managed/Assembly-CSharp.dll into Unity Child Domain
Platform assembly: /home/solidowl/.local/share/Steam/steamapps/common/PlagueInc/PlagueIncEvolved_Data/Managed/Assembly-UnityScript-firstpass.dll (this message is harmless)
Loading /home/solidowl/.local/share/Steam/steamapps/common/PlagueInc/PlagueIncEvolved_Data/Managed/Assembly-UnityScript-firstpass.dll into Unity Child Domain
Platform assembly: /home/solidowl/.local/share/Steam/steamapps/common/PlagueInc/PlagueIncEvolved_Data/Managed/Assembly-UnityScript.dll (this message is harmless)
Loading /home/solidowl/.local/share/Steam/steamapps/common/PlagueInc/PlagueIncEvolved_Data/Managed/Assembly-UnityScript.dll into Unity Child Domain
Platform assembly: /home/solidowl/.local/share/Steam/steamapps/common/PlagueInc/PlagueIncEvolved_Data/Managed/UnityEngine.UI.dll (this message is harmless)
Loading /home/solidowl/.local/share/Steam/steamapps/common/PlagueInc/PlagueIncEvolved_Data/Managed/UnityEngine.UI.dll into Unity Child Domain
Platform assembly: /home/solidowl/.local/share/Steam/steamapps/common/PlagueInc/PlagueIncEvolved_Data/Managed/UnityEngine.Networking.dll (this message is harmless)
Loading /home/solidowl/.local/share/Steam/steamapps/common/PlagueInc/PlagueIncEvolved_Data/Managed/UnityEngine.Networking.dll into Unity Child Domain
Platform assembly: /home/solidowl/.local/share/Steam/steamapps/common/PlagueInc/PlagueIncEvolved_Data/Managed/Flow.dll (this message is harmless)
Loading /home/solidowl/.local/share/Steam/steamapps/common/PlagueInc/PlagueIncEvolved_Data/Managed/Flow.dll into Unity Child Domain
Platform assembly: /home/solidowl/.local/share/Steam/steamapps/common/PlagueInc/PlagueIncEvolved_Data/Managed/ICSharpCode.SharpZipLib.dll (this message is harmless)
Loading /home/solidowl/.local/share/Steam/steamapps/common/PlagueInc/PlagueIncEvolved_Data/Managed/ICSharpCode.SharpZipLib.dll into Unity Child Domain
Platform assembly: /home/solidowl/.local/share/Steam/steamapps/common/PlagueInc/PlagueIncEvolved_Data/Managed/Vectrosity.dll (this message is harmless)
Loading /home/solidowl/.local/share/Steam/steamapps/common/PlagueInc/PlagueIncEvolved_Data/Managed/Vectrosity.dll into Unity Child Domain
Platform assembly: /home/solidowl/.local/share/Steam/steamapps/common/PlagueInc/PlagueIncEvolved_Data/Managed/MouseLibWin.dll (this message is harmless)
Loading /home/solidowl/.local/share/Steam/steamapps/common/PlagueInc/PlagueIncEvolved_Data/Managed/MouseLibWin.dll into Unity Child Domain
Platform assembly: /home/solidowl/.local/share/Steam/steamapps/common/PlagueInc/PlagueIncEvolved_Data/Managed/ProMouseDll.dll (this message is harmless)
Loading /home/solidowl/.local/share/Steam/steamapps/common/PlagueInc/PlagueIncEvolved_Data/Managed/ProMouseDll.dll into Unity Child Domain
Platform assembly: /home/solidowl/.local/share/Steam/steamapps/common/PlagueInc/PlagueIncEvolved_Data/Managed/SuperSplines.dll (this message is harmless)
Loading /home/solidowl/.local/share/Steam/steamapps/common/PlagueInc/PlagueIncEvolved_Data/Managed/SuperSplines.dll into Unity Child Domain
- Completed reload, in  0.265 seconds
Platform assembly: /home/solidowl/.local/share/Steam/steamapps/common/PlagueInc/PlagueIncEvolved_Data/Managed/System.Core.dll (this message is harmless)
Platform assembly: /home/solidowl/.local/share/Steam/steamapps/common/PlagueInc/PlagueIncEvolved_Data/Managed/System.dll (this message is harmless)
Platform assembly: /home/solidowl/.local/share/Steam/steamapps/common/PlagueInc/PlagueIncEvolved_Data/Managed/System.Xml.dll (this message is harmless)
Default vsync count 0
requesting resize 1024 x 768
resizing window to 1024 x 768
Desktop is 3840 x 1200 @ 60 Hz
Using libudev for joystick management


Importing game controller configs
The referenced script on this Behaviour (Game Object 'ReanimateZombies') is missing!
 
(Filename:  Line: 1655)

The referenced script on this Behaviour (Game Object 'Toggle_Transmission') is missing!
 
(Filename:  Line: 1655)

The referenced script on this Behaviour (Game Object 'Toggle_Symptoms') is missing!
 
(Filename:  Line: 1655)

The referenced script on this Behaviour (Game Object 'Toggle_Ablities') is missing!
 
(Filename:  Line: 1655)

The referenced script on this Behaviour (Game Object 'Toggle_Overview') is missing!
 
(Filename:  Line: 1655)

The referenced script on this Behaviour (Game Object 'Button_Exit') is missing!
 
(Filename:  Line: 1655)

The referenced script on this Behaviour (Game Object 'Button_WorldCure') is missing!
 
(Filename:  Line: 1655)

The referenced script on this Behaviour (Game Object 'Button_Disease_Box') is missing!
 
(Filename:  Line: 1655)

The referenced script on this Behaviour (Game Object 'Button_World_Box') is missing!
 
(Filename:  Line: 1655)

The referenced script on this Behaviour (Game Object 'Button_Disease') is missing!
 
(Filename:  Line: 1655)

The referenced script on this Behaviour (Game Object 'Button_World') is missing!
 
(Filename:  Line: 1655)

The referenced script on this Behaviour (Game Object 'Button_Context') is missing!
 
(Filename:  Line: 1655)

The referenced script on this Behaviour (Game Object 'Button_Context_Box') is missing!
 
(Filename:  Line: 1655)

The referenced script on this Behaviour (Game Object 'Button_Context') is missing!
 
(Filename:  Line: 1655)

The referenced script on this Behaviour (Game Object 'Button_Context_Box') is missing!
 
(Filename:  Line: 1655)

UnloadTime: 64.328003 ms
/HS/  PlagueExternalMP Plugin Handshake [9292]
 
(Filename: /home/builduser/buildslave/unity/build/artifacts/generated/common/runtime/UnityEngineDebugBindings.gen.cpp Line: 37)

/HS/  PlagueExternalCoop Plugin Handshake [9292]
 
(Filename: /home/builduser/buildslave/unity/build/artifacts/generated/common/runtime/UnityEngineDebugBindings.gen.cpp Line: 37)

Config file not detected creating default
 
(Filename: /home/builduser/buildslave/unity/build/artifacts/generated/common/runtime/UnityEngineDebugBindings.gen.cpp Line: 37)

Setting resolution: 800x600
 
(Filename: /home/builduser/buildslave/unity/build/artifacts/generated/common/runtime/UnityEngineDebugBindings.gen.cpp Line: 37)

Found native resolution: 1024x768
 
(Filename: /home/builduser/buildslave/unity/build/artifacts/generated/common/runtime/UnityEngineDebugBindings.gen.cpp Line: 37)

The referenced script on this Behaviour (Game Object '<null>') is missing!
 
(Filename:  Line: 1655)

The referenced script on this Behaviour (Game Object '<null>') is missing!
 
(Filename:  Line: 1655)

The referenced script on this Behaviour (Game Object '<null>') is missing!
 
(Filename:  Line: 1655)

The referenced script on this Behaviour (Game Object '<null>') is missing!
 
(Filename:  Line: 1655)

The referenced script on this Behaviour (Game Object '<null>') is missing!
 
(Filename:  Line: 1655)

The referenced script on this Behaviour (Game Object '<null>') is missing!
 
(Filename:  Line: 1655)

The referenced script on this Behaviour (Game Object 'Toggle_Transmission') is missing!
 
(Filename:  Line: 1655)

The referenced script on this Behaviour (Game Object 'Toggle_Transmission') is missing!
 
(Filename:  Line: 1655)

The referenced script on this Behaviour (Game Object 'Toggle_Symptoms') is missing!
 
(Filename:  Line: 1655)

The referenced script on this Behaviour (Game Object 'Toggle_Symptoms') is missing!
 
(Filename:  Line: 1655)

The referenced script on this Behaviour (Game Object 'Toggle_Ablities') is missing!
 
(Filename:  Line: 1655)

The referenced script on this Behaviour (Game Object 'Toggle_Ablities') is missing!
 
(Filename:  Line: 1655)

The referenced script on this Behaviour (Game Object 'Toggle_Overview') is missing!
 
(Filename:  Line: 1655)

The referenced script on this Behaviour (Game Object 'Toggle_Overview') is missing!
 
(Filename:  Line: 1655)

The referenced script on this Behaviour (Game Object 'Button_Exit') is missing!
 
(Filename:  Line: 1655)

The referenced script on this Behaviour (Game Object 'Button_Exit') is missing!
 
(Filename:  Line: 1655)

The referenced script on this Behaviour (Game Object 'Button_WorldCure') is missing!
 
(Filename:  Line: 1655)

The referenced script on this Behaviour (Game Object 'Button_WorldCure') is missing!
 
(Filename:  Line: 1655)

The referenced script on this Behaviour (Game Object '<null>') is missing!
 
(Filename:  Line: 1655)

The referenced script on this Behaviour (Game Object '<null>') is missing!
 
(Filename:  Line: 1655)

The referenced script on this Behaviour (Game Object '<null>') is missing!
 
(Filename:  Line: 1655)

The referenced script on this Behaviour (Game Object '<null>') is missing!
 
(Filename:  Line: 1655)

The referenced script on this Behaviour (Game Object '<null>') is missing!
 
(Filename:  Line: 1655)

The referenced script on this Behaviour (Game Object '<null>') is missing!
 
(Filename:  Line: 1655)

The referenced script on this Behaviour (Game Object '<null>') is missing!
 
(Filename:  Line: 1655)

The referenced script on this Behaviour (Game Object '<null>') is missing!
 
(Filename:  Line: 1655)

The referenced script on this Behaviour (Game Object 'Button_Disease_Box') is missing!
 
(Filename:  Line: 1655)

The referenced script on this Behaviour (Game Object 'Button_Disease_Box') is missing!
 
(Filename:  Line: 1655)

The referenced script on this Behaviour (Game Object 'Button_World_Box') is missing!
 
(Filename:  Line: 1655)

The referenced script on this Behaviour (Game Object 'Button_World_Box') is missing!
 
(Filename:  Line: 1655)

The referenced script on this Behaviour (Game Object 'Button_Disease') is missing!
 
(Filename:  Line: 1655)

The referenced script on this Behaviour (Game Object 'Button_Disease') is missing!
 
(Filename:  Line: 1655)

The referenced script on this Behaviour (Game Object 'Button_World') is missing!
 
(Filename:  Line: 1655)

The referenced script on this Behaviour (Game Object 'Button_World') is missing!
 
(Filename:  Line: 1655)

The referenced script on this Behaviour (Game Object 'Button_Context') is missing!
 
(Filename:  Line: 1655)

The referenced script on this Behaviour (Game Object 'Button_Context') is missing!
 
(Filename:  Line: 1655)

The referenced script on this Behaviour (Game Object 'Button_Context_Box') is missing!
 
(Filename:  Line: 1655)

The referenced script on this Behaviour (Game Object 'Button_Context_Box') is missing!
 
(Filename:  Line: 1655)

The referenced script on this Behaviour (Game Object 'Button_Context') is missing!
 
(Filename:  Line: 1655)

The referenced script on this Behaviour (Game Object 'Button_Context') is missing!
 
(Filename:  Line: 1655)

The referenced script on this Behaviour (Game Object 'Button_Context_Box') is missing!
 
(Filename:  Line: 1655)

The referenced script on this Behaviour (Game Object 'Button_Context_Box') is missing!
 
(Filename:  Line: 1655)

System Info:
Plague Inc. Evolved Version 1.15.1
OS: Linux 4.15 ManjaroLinux 17.1.0 64bit
Processor: Intel(R) Core(TM) i7-4710HQ CPU @ 2.50GHz Count: 8
Graphics: 0/Mesa DRI Intel(R) Haswell Mobile x86/MMX/SSE2/Intel Open Source Technology Center/OpenGL 4.5 (Core Profile) Mesa 17.3.1/1024/-1 Shader: 50
Memory: system - 7903 graphics - 1024

 
(Filename: /home/builduser/buildslave/unity/build/artifacts/generated/common/runtime/UnityEngineDebugBindings.gen.cpp Line: 37)

//////////////////////////////////////////////
Plague Inc: Branch[] BuildID[0]
//////////////////////////////////////////////
 
(Filename: /home/builduser/buildslave/unity/build/artifacts/generated/common/runtime/UnityEngineDebugBindings.gen.cpp Line: 37)

Unknown language: ''
 
(Filename: /home/builduser/buildslave/unity/build/artifacts/generated/common/runtime/UnityEngineDebugBindings.gen.cpp Line: 37)

Platform assembly: /home/solidowl/.local/share/Steam/steamapps/common/PlagueInc/PlagueIncEvolved_Data/Managed/Boo.Lang.dll (this message is harmless)
requesting resize 800 x 600
requesting fullscreen 800 x 600 at 0 Hz
Desktop is 3840 x 1200 @ 60 Hz
Changing real window size to 1920 x 1160
Setting up downscaled viewport at 800 x 600
Changing real window size to 1920 x 1160
Changing real window size to 1920 x 1200
Setting up downscaled viewport at 800 x 600
Changing real window size to 1920 x 1200
Parent of RectTransform is being set with parent property. Consider using the SetParent method instead, with the worldPositionStays argument set to false. This will retain local orientation and scale rather than world orientation and scale, which can prevent common UI scaling issues.
 
(Filename: /home/builduser/buildslave/unity/build/artifacts/generated/common/runtime/UnityEngineDebugBindings.gen.cpp Line: 37)

Parent of RectTransform is being set with parent property. Consider using the SetParent method instead, with the worldPositionStays argument set to false. This will retain local orientation and scale rather than world orientation and scale, which can prevent common UI scaling issues.
 
(Filename: /home/builduser/buildslave/unity/build/artifacts/generated/common/runtime/UnityEngineDebugBindings.gen.cpp Line: 37)

Parent of RectTransform is being set with parent property. Consider using the SetParent method instead, with the worldPositionStays argument set to false. This will retain local orientation and scale rather than world orientation and scale, which can prevent common UI scaling issues.
 
(Filename: /home/builduser/buildslave/unity/build/artifacts/generated/common/runtime/UnityEngineDebugBindings.gen.cpp Line: 37)

InitUIHandlers
 
(Filename: /home/builduser/buildslave/unity/build/artifacts/generated/common/runtime/UnityEngineDebugBindings.gen.cpp Line: 37)

Registering network view:SteamNetwork (INetworkView)
 
(Filename: /home/builduser/buildslave/unity/build/artifacts/generated/common/runtime/UnityEngineDebugBindings.gen.cpp Line: 37)

*******************************************SteamManager.Initialized:True
 
(Filename: /home/builduser/buildslave/unity/build/artifacts/generated/common/runtime/UnityEngineDebugBindings.gen.cpp Line: 37)

USER STATS RECEIVED CALLBACK
 
(Filename: /home/builduser/buildslave/unity/build/artifacts/generated/common/runtime/UnityEngineDebugBindings.gen.cpp Line: 37)

User stats received for :76561198054709968
 
(Filename: /home/builduser/buildslave/unity/build/artifacts/generated/common/runtime/UnityEngineDebugBindings.gen.cpp Line: 37)

Data/Languages/en Line: 1 - non-whitespace/newlines outside of tag
 
(Filename: /home/builduser/buildslave/unity/build/artifacts/generated/common/runtime/UnityEngineDebugBindings.gen.cpp Line: 37)

Data/Languages/en Line: 9 - quote outside tag - '%@ is global' : '%@ is global'
 
(Filename: /home/builduser/buildslave/unity/build/artifacts/generated/common/runtime/UnityEngineDebugBindings.gen.cpp Line: 37)

Data/Languages/en Line: 4714 - non-whitespace/newlines outside of tag
 
(Filename: /home/builduser/buildslave/unity/build/artifacts/generated/common/runtime/UnityEngineDebugBindings.gen.cpp Line: 37)

Data/Languages/en Line: 4751 - non-whitespace/newlines outside of tag
 
(Filename: /home/builduser/buildslave/unity/build/artifacts/generated/common/runtime/UnityEngineDebugBindings.gen.cpp Line: 37)

Data/Languages/en Line: 6078 - non-whitespace/newlines outside of tag
 
(Filename: /home/builduser/buildslave/unity/build/artifacts/generated/common/runtime/UnityEngineDebugBindings.gen.cpp Line: 37)

Successfully saved stats to the server.
 
(Filename: /home/builduser/buildslave/unity/build/artifacts/generated/common/runtime/UnityEngineDebugBindings.gen.cpp Line: 37)

Unloading 5 Unused Serialized files (Serialized files now loaded: 1)

Unloading 33685 unused Assets to reduce memory usage. Loaded Objects now: 116964.
Total: 135.659988 ms (FindLiveObjects: 14.606000 ms CreateObjectMapping: 13.736000 ms MarkObjects: 84.306999 ms  DeleteObjects: 23.011002 ms)

Set Active: local: FPS_60 options FPS_60
 
(Filename: /home/builduser/buildslave/unity/build/artifacts/generated/common/runtime/UnityEngineDebugBindings.gen.cpp Line: 37)

Setting screen resolution for vid: 1920x1200
 
(Filename: /home/builduser/buildslave/unity/build/artifacts/generated/common/runtime/UnityEngineDebugBindings.gen.cpp Line: 37)

requesting resize 1920 x 1200
Using native desktop resolution 3840 x 1200
Clamping fullscreen resolution to 1920 x 1200
requesting fullscreen 1920 x 1200 at 0 Hz
Desktop is 3840 x 1200 @ 60 Hz
Setting screen resolution for vid: 1920x1200
 
(Filename: /home/builduser/buildslave/unity/build/artifacts/generated/common/runtime/UnityEngineDebugBindings.gen.cpp Line: 37)

requesting resize 1920 x 1200
Using native desktop resolution 3840 x 1200
Clamping fullscreen resolution to 1920 x 1200

Selecting FBConfig
GLX_FBCONFIG_ID=137
GLX_BUFFER_SIZE=32
GLX_DOUBLEBUFFER=1
GLX_RED_SIZE=8
GLX_GREEN_SIZE=8
GLX_BLUE_SIZE=8
GLX_ALPHA_SIZE=8
GLX_DEPTH_SIZE=24
GLX_STENCIL_SIZE=8
GLX_SAMPLES_ARB=8
GLX_SAMPLE_BUFFERS_ARB=1
GLX_STEREO=0
GLX_CONFIG_CAVEAT=NONE

requesting fullscreen 1920 x 1200 at 0 Hz
Desktop is 3840 x 1200 @ 60 Hz
Changing real window size to 0 x 0
Changing real window size to 1920 x 1200
Setting screen resolution for vid: 1920x1200
 
(Filename: /home/builduser/buildslave/unity/build/artifacts/generated/common/runtime/UnityEngineDebugBindings.gen.cpp Line: 37)

requesting resize 1920 x 1200
Using native desktop resolution 3840 x 1200
Clamping fullscreen resolution to 1920 x 1200
requesting fullscreen 1920 x 1200 at 0 Hz
Desktop is 3840 x 1200 @ 60 Hz
Setting screen resolution for vid: 1920x1200
 
(Filename: /home/builduser/buildslave/unity/build/artifacts/generated/common/runtime/UnityEngineDebugBindings.gen.cpp Line: 37)

requesting resize 1920 x 1200
Using native desktop resolution 3840 x 1200
Clamping fullscreen resolution to 1920 x 1200
requesting fullscreen 1920 x 1200 at 0 Hz
Desktop is 3840 x 1200 @ 60 Hz
Setting screen resolution for vid: 1920x1200
 
(Filename: /home/builduser/buildslave/unity/build/artifacts/generated/common/runtime/UnityEngineDebugBindings.gen.cpp Line: 37)

requesting resize 1920 x 1200
Using native desktop resolution 3840 x 1200
Clamping fullscreen resolution to 1920 x 1200
requesting fullscreen 1920 x 1200 at 0 Hz
Desktop is 3840 x 1200 @ 60 Hz
EVENT MANAGER CREATED
 
(Filename: /home/builduser/buildslave/unity/build/artifacts/generated/common/runtime/UnityEngineDebugBindings.gen.cpp Line: 37)

Invalid data line '  ' - expected param:val line:72 depth:2
 
(Filename: /home/builduser/buildslave/unity/build/artifacts/generated/common/runtime/UnityEngineDebugBindings.gen.cpp Line: 37)

Invalid data line '  ' - expected param:val line:111 depth:2
 
(Filename: /home/builduser/buildslave/unity/build/artifacts/generated/common/runtime/UnityEngineDebugBindings.gen.cpp Line: 37)

Section: global Could not find field or property in SPDisease for: 'diseaseTypeGui' - original - 'disease_type_gui'
 
(Filename: /home/builduser/buildslave/unity/build/artifacts/generated/common/runtime/UnityEngineDebugBindings.gen.cpp Line: 37)

IMPORTING DISEASE TECH
 
(Filename: /home/builduser/buildslave/unity/build/artifacts/generated/common/runtime/UnityEngineDebugBindings.gen.cpp Line: 37)

[0]Disease.EvolveTech[blood_thirst] - free:True, cost:3
 
(Filename: /home/builduser/buildslave/unity/build/artifacts/generated/common/runtime/UnityEngineDebugBindings.gen.cpp Line: 37)

ADDING DISEASE[VAMPIRE]: SPDisease FOR PLAYER: Sowl
 
(Filename: /home/builduser/buildslave/unity/build/artifacts/generated/common/runtime/UnityEngineDebugBindings.gen.cpp Line: 37)

TRAIL PARTICLES INITIALISE
 
(Filename: /home/builduser/buildslave/unity/build/artifacts/generated/common/runtime/UnityEngineDebugBindings.gen.cpp Line: 37)

SetUserBubble - bonusObject:
 
(Filename: /home/builduser/buildslave/unity/build/artifacts/generated/common/runtime/UnityEngineDebugBindings.gen.cpp Line: 37)

SetP2UserBubble - bonusObject:
 
(Filename: /home/builduser/buildslave/unity/build/artifacts/generated/common/runtime/UnityEngineDebugBindings.gen.cpp Line: 37)

SetUserBubble - bonusObject:
 
(Filename: /home/builduser/buildslave/unity/build/artifacts/generated/common/runtime/UnityEngineDebugBindings.gen.cpp Line: 37)

UPDATE SOUND SOURCES
 
(Filename: /home/builduser/buildslave/unity/build/artifacts/generated/common/runtime/UnityEngineDebugBindings.gen.cpp Line: 37)

SetUserBubble - bonusObject:
 
(Filename: /home/builduser/buildslave/unity/build/artifacts/generated/common/runtime/UnityEngineDebugBindings.gen.cpp Line: 37)

SetUserBubble - bonusObject:Bubble_CountrySelect(Clone) (BonusObject)
 
(Filename: /home/builduser/buildslave/unity/build/artifacts/generated/common/runtime/UnityEngineDebugBindings.gen.cpp Line: 37)

INITIAL TRANSFER OF POP: Nox Eternis in Central Europe
 
(Filename: /home/builduser/buildslave/unity/build/artifacts/generated/common/runtime/UnityEngineDebugBindings.gen.cpp Line: 37)

IGame.StartGame() - type:Classic, IsReplayActive:False
 
(Filename: /home/builduser/buildslave/unity/build/artifacts/generated/common/runtime/UnityEngineDebugBindings.gen.cpp Line: 37)

DIS[Nox Eternis] ---totalInf:0
 
(Filename: /home/builduser/buildslave/unity/build/artifacts/generated/common/runtime/UnityEngineDebugBindings.gen.cpp Line: 37)

SetUserBubble - bonusObject:
 
(Filename: /home/builduser/buildslave/unity/build/artifacts/generated/common/runtime/UnityEngineDebugBindings.gen.cpp Line: 37)

SetP2UserBubble - bonusObject:
 
(Filename: /home/builduser/buildslave/unity/build/artifacts/generated/common/runtime/UnityEngineDebugBindings.gen.cpp Line: 37)

SETTING INITIAL SPREADWAVES: 1
 
(Filename: /home/builduser/buildslave/unity/build/artifacts/generated/common/runtime/UnityEngineDebugBindings.gen.cpp Line: 37)

Parent of RectTransform is being set with parent property. Consider using the SetParent method instead, with the worldPositionStays argument set to false. This will retain local orientation and scale rather than world orientation and scale, which can prevent common UI scaling issues.
 
(Filename: /home/builduser/buildslave/unity/build/artifacts/generated/common/runtime/UnityEngineDebugBindings.gen.cpp Line: 37)

Parent of RectTransform is being set with parent property. Consider using the SetParent method instead, with the worldPositionStays argument set to false. This will retain local orientation and scale rather than world orientation and scale, which can prevent common UI scaling issues.
 
(Filename: /home/builduser/buildslave/unity/build/artifacts/generated/common/runtime/UnityEngineDebugBindings.gen.cpp Line: 37)

Parent of RectTransform is being set with parent property. Consider using the SetParent method instead, with the worldPositionStays argument set to false. This will retain local orientation and scale rather than world orientation and scale, which can prevent common UI scaling issues.
 
(Filename: /home/builduser/buildslave/unity/build/artifacts/generated/common/runtime/UnityEngineDebugBindings.gen.cpp Line: 37)

EVOLVETECH: blood_thirst DEVOLVE: False abilities: 0
 
(Filename: /home/builduser/buildslave/unity/build/artifacts/generated/common/runtime/UnityEngineDebugBindings.gen.cpp Line: 37)

STAGE: 1
 
(Filename: /home/builduser/buildslave/unity/build/artifacts/generated/common/runtime/UnityEngineDebugBindings.gen.cpp Line: 37)

EVOLVETECH: lair DEVOLVE: False abilities: 1
 
(Filename: /home/builduser/buildslave/unity/build/artifacts/generated/common/runtime/UnityEngineDebugBindings.gen.cpp Line: 37)

[5]Disease.EvolveTech[lair] - free:False, cost:2
 
(Filename: /home/builduser/buildslave/unity/build/artifacts/generated/common/runtime/UnityEngineDebugBindings.gen.cpp Line: 37)

_______[0]RECORD TECH_EVOLVED - player.disease:Nox Eternis evolved:lair
 
(Filename: /home/builduser/buildslave/unity/build/artifacts/generated/common/runtime/UnityEngineDebugBindings.gen.cpp Line: 37)

EVOLVETECH: therianthropy DEVOLVE: False abilities: 2
 
(Filename: /home/builduser/buildslave/unity/build/artifacts/generated/common/runtime/UnityEngineDebugBindings.gen.cpp Line: 37)

[5]Disease.EvolveTech[therianthropy] - free:False, cost:4
 
(Filename: /home/builduser/buildslave/unity/build/artifacts/generated/common/runtime/UnityEngineDebugBindings.gen.cpp Line: 37)

_______[0]RECORD TECH_EVOLVED - player.disease:Nox Eternis evolved:therianthropy
 
(Filename: /home/builduser/buildslave/unity/build/artifacts/generated/common/runtime/UnityEngineDebugBindings.gen.cpp Line: 37)

EVOLVETECH: lair_healing_1 DEVOLVE: False abilities: 3
 
(Filename: /home/builduser/buildslave/unity/build/artifacts/generated/common/runtime/UnityEngineDebugBindings.gen.cpp Line: 37)

[5]Disease.EvolveTech[lair_healing_1] - free:False, cost:3
 
(Filename: /home/builduser/buildslave/unity/build/artifacts/generated/common/runtime/UnityEngineDebugBindings.gen.cpp Line: 37)

_______[0]RECORD TECH_EVOLVED - player.disease:Nox Eternis evolved:lair_healing_1
 
(Filename: /home/builduser/buildslave/unity/build/artifacts/generated/common/runtime/UnityEngineDebugBindings.gen.cpp Line: 37)

EVOLVETECH: lair_healing_2 DEVOLVE: False abilities: 4
 
(Filename: /home/builduser/buildslave/unity/build/artifacts/generated/common/runtime/UnityEngineDebugBindings.gen.cpp Line: 37)

STAGE: 2
 
(Filename: /home/builduser/buildslave/unity/build/artifacts/generated/common/runtime/UnityEngineDebugBindings.gen.cpp Line: 37)

[5]Disease.EvolveTech[lair_healing_2] - free:False, cost:8
 
(Filename: /home/builduser/buildslave/unity/build/artifacts/generated/common/runtime/UnityEngineDebugBindings.gen.cpp Line: 37)

_______[0]RECORD TECH_EVOLVED - player.disease:Nox Eternis evolved:lair_healing_2
 
(Filename: /home/builduser/buildslave/unity/build/artifacts/generated/common/runtime/UnityEngineDebugBindings.gen.cpp Line: 37)

RECYCLING HORDE OBJECT
 
(Filename: /home/builduser/buildslave/unity/build/artifacts/generated/common/runtime/UnityEngineDebugBindings.gen.cpp Line: 37)

PLAY SFX: nowboarding
 
(Filename: /home/builduser/buildslave/unity/build/artifacts/generated/common/runtime/UnityEngineDebugBindings.gen.cpp Line: 37)

Parent of RectTransform is being set with parent property. Consider using the SetParent method instead, with the worldPositionStays argument set to false. This will retain local orientation and scale rather than world orientation and scale, which can prevent common UI scaling issues.
 
(Filename: /home/builduser/buildslave/unity/build/artifacts/generated/common/runtime/UnityEngineDebugBindings.gen.cpp Line: 37)

Parent of RectTransform is being set with parent property. Consider using the SetParent method instead, with the worldPositionStays argument set to false. This will retain local orientation and scale rather than world orientation and scale, which can prevent common UI scaling issues.
 
(Filename: /home/builduser/buildslave/unity/build/artifacts/generated/common/runtime/UnityEngineDebugBindings.gen.cpp Line: 37)

Parent of RectTransform is being set with parent property. Consider using the SetParent method instead, with the worldPositionStays argument set to false. This will retain local orientation and scale rather than world orientation and scale, which can prevent common UI scaling issues.
 
(Filename: /home/builduser/buildslave/unity/build/artifacts/generated/common/runtime/UnityEngineDebugBindings.gen.cpp Line: 37)

EVOLVETECH: shadow_blessing DEVOLVE: False abilities: 5
 
(Filename: /home/builduser/buildslave/unity/build/artifacts/generated/common/runtime/UnityEngineDebugBindings.gen.cpp Line: 37)

[26]Disease.EvolveTech[shadow_blessing] - free:False, cost:0
 
(Filename: /home/builduser/buildslave/unity/build/artifacts/generated/common/runtime/UnityEngineDebugBindings.gen.cpp Line: 37)

_______[0]RECORD TECH_EVOLVED - player.disease:Nox Eternis evolved:shadow_blessing
 
(Filename: /home/builduser/buildslave/unity/build/artifacts/generated/common/runtime/UnityEngineDebugBindings.gen.cpp Line: 37)

EVOLVETECH: nocturnal DEVOLVE: False abilities: 5
 
(Filename: /home/builduser/buildslave/unity/build/artifacts/generated/common/runtime/UnityEngineDebugBindings.gen.cpp Line: 37)

[26]Disease.EvolveTech[nocturnal] - free:False, cost:1
 
(Filename: /home/builduser/buildslave/unity/build/artifacts/generated/common/runtime/UnityEngineDebugBindings.gen.cpp Line: 37)

_______[0]RECORD TECH_EVOLVED - player.disease:Nox Eternis evolved:nocturnal
 
(Filename: /home/builduser/buildslave/unity/build/artifacts/generated/common/runtime/UnityEngineDebugBindings.gen.cpp Line: 37)

EVOLVETECH: anaemia DEVOLVE: False abilities: 5
 
(Filename: /home/builduser/buildslave/unity/build/artifacts/generated/common/runtime/UnityEngineDebugBindings.gen.cpp Line: 37)

[26]Disease.EvolveTech[anaemia] - free:False, cost:1
 
(Filename: /home/builduser/buildslave/unity/build/artifacts/generated/common/runtime/UnityEngineDebugBindings.gen.cpp Line: 37)

_______[0]RECORD TECH_EVOLVED - player.disease:Nox Eternis evolved:anaemia
 
(Filename: /home/builduser/buildslave/unity/build/artifacts/generated/common/runtime/UnityEngineDebugBindings.gen.cpp Line: 37)

PLAY SFX: childrenlaugh
 
(Filename: /home/builduser/buildslave/unity/build/artifacts/generated/common/runtime/UnityEngineDebugBindings.gen.cpp Line: 37)

EXPAND OUT
 
(Filename: /home/builduser/buildslave/unity/build/artifacts/generated/common/runtime/UnityEngineDebugBindings.gen.cpp Line: 37)

RECYCLING HORDE OBJECT
 
(Filename: /home/builduser/buildslave/unity/build/artifacts/generated/common/runtime/UnityEngineDebugBindings.gen.cpp Line: 37)

Parent of RectTransform is being set with parent property. Consider using the SetParent method instead, with the worldPositionStays argument set to false. This will retain local orientation and scale rather than world orientation and scale, which can prevent common UI scaling issues.
 
(Filename: /home/builduser/buildslave/unity/build/artifacts/generated/common/runtime/UnityEngineDebugBindings.gen.cpp Line: 37)

Parent of RectTransform is being set with parent property. Consider using the SetParent method instead, with the worldPositionStays argument set to false. This will retain local orientation and scale rather than world orientation and scale, which can prevent common UI scaling issues.
 
(Filename: /home/builduser/buildslave/unity/build/artifacts/generated/common/runtime/UnityEngineDebugBindings.gen.cpp Line: 37)

Parent of RectTransform is being set with parent property. Consider using the SetParent method instead, with the worldPositionStays argument set to false. This will retain local orientation and scale rather than world orientation and scale, which can prevent common UI scaling issues.
 
(Filename: /home/builduser/buildslave/unity/build/artifacts/generated/common/runtime/UnityEngineDebugBindings.gen.cpp Line: 37)

EVOLVETECH: dark_pustules DEVOLVE: False abilities: 5
 
(Filename: /home/builduser/buildslave/unity/build/artifacts/generated/common/runtime/UnityEngineDebugBindings.gen.cpp Line: 37)

[74]Disease.EvolveTech[dark_pustules] - free:False, cost:8
 
(Filename: /home/builduser/buildslave/unity/build/artifacts/generated/common/runtime/UnityEngineDebugBindings.gen.cpp Line: 37)

_______[0]RECORD TECH_EVOLVED - player.disease:Nox Eternis evolved:dark_pustules
 
(Filename: /home/builduser/buildslave/unity/build/artifacts/generated/common/runtime/UnityEngineDebugBindings.gen.cpp Line: 37)

Parent of RectTransform is being set with parent property. Consider using the SetParent method instead, with the worldPositionStays argument set to false. This will retain local orientation and scale rather than world orientation and scale, which can prevent common UI scaling issues.
 
(Filename: /home/builduser/buildslave/unity/build/artifacts/generated/common/runtime/UnityEngineDebugBindings.gen.cpp Line: 37)

Parent of RectTransform is being set with parent property. Consider using the SetParent method instead, with the worldPositionStays argument set to false. This will retain local orientation and scale rather than world orientation and scale, which can prevent common UI scaling issues.
 
(Filename: /home/builduser/buildslave/unity/build/artifacts/generated/common/runtime/UnityEngineDebugBindings.gen.cpp Line: 37)

Parent of RectTransform is being set with parent property. Consider using the SetParent method instead, with the worldPositionStays argument set to false. This will retain local orientation and scale rather than world orientation and scale, which can prevent common UI scaling issues.
 
(Filename: /home/builduser/buildslave/unity/build/artifacts/generated/common/runtime/UnityEngineDebugBindings.gen.cpp Line: 37)

RECYCLING HORDE OBJECT
 
(Filename: /home/builduser/buildslave/unity/build/artifacts/generated/common/runtime/UnityEngineDebugBindings.gen.cpp Line: 37)

Parent of RectTransform is being set with parent property. Consider using the SetParent method instead, with the worldPositionStays argument set to false. This will retain local orientation and scale rather than world orientation and scale, which can prevent common UI scaling issues.
 
(Filename: /home/builduser/buildslave/unity/build/artifacts/generated/common/runtime/UnityEngineDebugBindings.gen.cpp Line: 37)

Parent of RectTransform is being set with parent property. Consider using the SetParent method instead, with the worldPositionStays argument set to false. This will retain local orientation and scale rather than world orientation and scale, which can prevent common UI scaling issues.
 
(Filename: /home/builduser/buildslave/unity/build/artifacts/generated/common/runtime/UnityEngineDebugBindings.gen.cpp Line: 37)

Parent of RectTransform is being set with parent property. Consider using the SetParent method instead, with the worldPositionStays argument set to false. This will retain local orientation and scale rather than world orientation and scale, which can prevent common UI scaling issues.
 
(Filename: /home/builduser/buildslave/unity/build/artifacts/generated/common/runtime/UnityEngineDebugBindings.gen.cpp Line: 37)

EVOLVETECH: blood_gift DEVOLVE: False abilities: 5
 
(Filename: /home/builduser/buildslave/unity/build/artifacts/generated/common/runtime/UnityEngineDebugBindings.gen.cpp Line: 37)

[122]Disease.EvolveTech[blood_gift] - free:False, cost:7
 
(Filename: /home/builduser/buildslave/unity/build/artifacts/generated/common/runtime/UnityEngineDebugBindings.gen.cpp Line: 37)

_______[0]RECORD TECH_EVOLVED - player.disease:Nox Eternis evolved:blood_gift
 
(Filename: /home/builduser/buildslave/unity/build/artifacts/generated/common/runtime/UnityEngineDebugBindings.gen.cpp Line: 37)

RECYCLING HORDE OBJECT
 
(Filename: /home/builduser/buildslave/unity/build/artifacts/generated/common/runtime/UnityEngineDebugBindings.gen.cpp Line: 37)

Parent of RectTransform is being set with parent property. Consider using the SetParent method instead, with the worldPositionStays argument set to false. This will retain local orientation and scale rather than world orientation and scale, which can prevent common UI scaling issues.
 
(Filename: /home/builduser/buildslave/unity/build/artifacts/generated/common/runtime/UnityEngineDebugBindings.gen.cpp Line: 37)

Parent of RectTransform is being set with parent property. Consider using the SetParent method instead, with the worldPositionStays argument set to false. This will retain local orientation and scale rather than world orientation and scale, which can prevent common UI scaling issues.
 
(Filename: /home/builduser/buildslave/unity/build/artifacts/generated/common/runtime/UnityEngineDebugBindings.gen.cpp Line: 37)

Parent of RectTransform is being set with parent property. Consider using the SetParent method instead, with the worldPositionStays argument set to false. This will retain local orientation and scale rather than world orientation and scale, which can prevent common UI scaling issues.
 
(Filename: /home/builduser/buildslave/unity/build/artifacts/generated/common/runtime/UnityEngineDebugBindings.gen.cpp Line: 37)

RECYCLING HORDE OBJECT
 
(Filename: /home/builduser/buildslave/unity/build/artifacts/generated/common/runtime/UnityEngineDebugBindings.gen.cpp Line: 37)

PLAY SFX: vampire_hiss_1
 
(Filename: /home/builduser/buildslave/unity/build/artifacts/generated/common/runtime/UnityEngineDebugBindings.gen.cpp Line: 37)

PLAY SFX: nowboarding
 
(Filename: /home/builduser/buildslave/unity/build/artifacts/generated/common/runtime/UnityEngineDebugBindings.gen.cpp Line: 37)

Parent of RectTransform is being set with parent property. Consider using the SetParent method instead, with the worldPositionStays argument set to false. This will retain local orientation and scale rather than world orientation and scale, which can prevent common UI scaling issues.
 
(Filename: /home/builduser/buildslave/unity/build/artifacts/generated/common/runtime/UnityEngineDebugBindings.gen.cpp Line: 37)

Parent of RectTransform is being set with parent property. Consider using the SetParent method instead, with the worldPositionStays argument set to false. This will retain local orientation and scale rather than world orientation and scale, which can prevent common UI scaling issues.
 
(Filename: /home/builduser/buildslave/unity/build/artifacts/generated/common/runtime/UnityEngineDebugBindings.gen.cpp Line: 37)

Parent of RectTransform is being set with parent property. Consider using the SetParent method instead, with the worldPositionStays argument set to false. This will retain local orientation and scale rather than world orientation and scale, which can prevent common UI scaling issues.
 
(Filename: /home/builduser/buildslave/unity/build/artifacts/generated/common/runtime/UnityEngineDebugBindings.gen.cpp Line: 37)

EVOLVETECH: dark_cloud DEVOLVE: False abilities: 6
 
(Filename: /home/builduser/buildslave/unity/build/artifacts/generated/common/runtime/UnityEngineDebugBindings.gen.cpp Line: 37)

[181]Disease.EvolveTech[dark_cloud] - free:False, cost:9
 
(Filename: /home/builduser/buildslave/unity/build/artifacts/generated/common/runtime/UnityEngineDebugBindings.gen.cpp Line: 37)

_______[0]RECORD TECH_EVOLVED - player.disease:Nox Eternis evolved:dark_cloud
 
(Filename: /home/builduser/buildslave/unity/build/artifacts/generated/common/runtime/UnityEngineDebugBindings.gen.cpp Line: 37)

RECYCLING HORDE OBJECT
 
(Filename: /home/builduser/buildslave/unity/build/artifacts/generated/common/runtime/UnityEngineDebugBindings.gen.cpp Line: 37)

PLAY SFX: cough
 
(Filename: /home/builduser/buildslave/unity/build/artifacts/generated/common/runtime/UnityEngineDebugBindings.gen.cpp Line: 37)

RECYCLING HORDE OBJECT
 
(Filename: /home/builduser/buildslave/unity/build/artifacts/generated/common/runtime/UnityEngineDebugBindings.gen.cpp Line: 37)

Parent of RectTransform is being set with parent property. Consider using the SetParent method instead, with the worldPositionStays argument set to false. This will retain local orientation and scale rather than world orientation and scale, which can prevent common UI scaling issues.
 
(Filename: /home/builduser/buildslave/unity/build/artifacts/generated/common/runtime/UnityEngineDebugBindings.gen.cpp Line: 37)

Parent of RectTransform is being set with parent property. Consider using the SetParent method instead, with the worldPositionStays argument set to false. This will retain local orientation and scale rather than world orientation and scale, which can prevent common UI scaling issues.
 
(Filename: /home/builduser/buildslave/unity/build/artifacts/generated/common/runtime/UnityEngineDebugBindings.gen.cpp Line: 37)

Parent of RectTransform is being set with parent property. Consider using the SetParent method instead, with the worldPositionStays argument set to false. This will retain local orientation and scale rather than world orientation and scale, which can prevent common UI scaling issues.
 
(Filename: /home/builduser/buildslave/unity/build/artifacts/generated/common/runtime/UnityEngineDebugBindings.gen.cpp Line: 37)

